[2020-04-15 06:11:02] local.ERROR: Cannot send message without a sender address {"exception":"[object] (Swift_TransportException(code: 0): Cannot send message without a sender address at /var/www/html/productive/vendor/swiftmailer/swiftmailer/lib/classes/Swift/Transport/AbstractSmtpTransport.php:195)
[stacktrace]
#0 /var/www/html/productive/vendor/swiftmailer/swiftmailer/lib/classes/Swift/Mailer.php(71): Swift_Transport_AbstractSmtpTransport->send(Object(Swift_Message), Array)
#1 /var/www/html/productive/vendor/laravel/framework/src/Illuminate/Mail/Mailer.php(519): Swift_Mailer->send(Object(Swift_Message), Array)
#2 /var/www/html/productive/vendor/laravel/framework/src/Illuminate/Mail/Mailer.php(288): Illuminate\\Mail\\Mailer->sendSwiftMessage(Object(Swift_Message))
#3 /var/www/html/productive/vendor/laravel/framework/src/Illuminate/Notifications/Channels/MailChannel.php(65): Illuminate\\Mail\\Mailer->send(Object(Illuminate\\Support\\HtmlString), Array, Object(Closure))
#4 /var/www/html/productive/vendor/laravel/framework/src/Illuminate/Notifications/NotificationSender.php(146): Illuminate\\Notifications\\Channels\\MailChannel->send(Object(App\\Models\\User), Object(App\\Notifications\\SendActivationEmail))
#5 /var/www/html/productive/vendor/laravel/framework/src/Illuminate/Notifications/NotificationSender.php(105): Illuminate\\Notifications\\NotificationSender->sendToNotifiable(Object(App\\Models\\User), '6bdf555c-014a-4...', Object(App\\Notifications\\SendActivationEmail), 'mail')
#6 /var/www/html/productive/vendor/laravel/framework/src/Illuminate/Support/Traits/Localizable.php(19): Illuminate\\Notifications\\NotificationSender->Illuminate\\Notifications\\{closure}()
#7 /var/www/html/productive/vendor/laravel/framework/src/Illuminate/Notifications/NotificationSender.php(107): Illuminate\\Notifications\\NotificationSender->withLocale(NULL, Object(Closure))
#8 /var/www/html/productive/vendor/laravel/framework/src/Illuminate/Notifications/ChannelManager.php(54): Illuminate\\Notifications\\NotificationSender->sendNow(Object(Illuminate\\Database\\Eloquent\\Collection), Object(App\\Notifications\\SendActivationEmail), Array)
#9 /var/www/html/productive/vendor/laravel/framework/src/Illuminate/Notifications/SendQueuedNotifications.php(94): Illuminate\\Notifications\\ChannelManager->sendNow(Object(Illuminate\\Database\\Eloquent\\Collection), Object(App\\Notifications\\SendActivationEmail), Array)
#10 [internal function]: Illuminate\\Notifications\\SendQueuedNotifications->handle(Object(Illuminate\\Notifications\\ChannelManager))
#11 /var/www/html/productive/vendor/laravel/framework/src/Illuminate/Container/BoundMethod.php(32): call_user_func_array(Array, Array)
#12 /var/www/html/productive/vendor/laravel/framework/src/Illuminate/Container/Util.php(36): Illuminate\\Container\\BoundMethod::Illuminate\\Container\\{closure}()
#13 /var/www/html/productive/vendor/laravel/framework/src/Illuminate/Container/BoundMethod.php(90): Illuminate\\Container\\Util::unwrapIfClosure(Object(Closure))
#14 /var/www/html/productive/vendor/laravel/framework/src/Illuminate/Container/BoundMethod.php(34): Illuminate\\Container\\BoundMethod::callBoundMethod(Object(Illuminate\\Foundation\\Application), Array, Object(Closure))
#15 /var/www/html/productive/vendor/laravel/framework/src/Illuminate/Container/Container.php(592): Illuminate\\Container\\BoundMethod::call(Object(Illuminate\\Foundation\\Application), Array, Array, NULL)
#16 /var/www/html/productive/vendor/laravel/framework/src/Illuminate/Bus/Dispatcher.php(94): Illuminate\\Container\\Container->call(Array)
#17 /var/www/html/productive/vendor/laravel/framework/src/Illuminate/Pipeline/Pipeline.php(128): Illuminate\\Bus\\Dispatcher->Illuminate\\Bus\\{closure}(Object(Illuminate\\Notifications\\SendQueuedNotifications))
#18 /var/www/html/productive/vendor/laravel/framework/src/Illuminate/Pipeline/Pipeline.php(103): Illuminate\\Pipeline\\Pipeline->Illuminate\\Pipeline\\{closure}(Object(Illuminate\\Notifications\\SendQueuedNotifications))
#19 /var/www/html/productive/vendor/laravel/framework/src/Illuminate/Bus/Dispatcher.php(98): Illuminate\\Pipeline\\Pipeline->then(Object(Closure))
#20 /var/www/html/productive/vendor/laravel/framework/src/Illuminate/Queue/CallQueuedHandler.php(83): Illuminate\\Bus\\Dispatcher->dispatchNow(Object(Illuminate\\Notifications\\SendQueuedNotifications), false)
#21 /var/www/html/productive/vendor/laravel/framework/src/Illuminate/Pipeline/Pipeline.php(128): Illuminate\\Queue\\CallQueuedHandler->Illuminate\\Queue\\{closure}(Object(Illuminate\\Notifications\\SendQueuedNotifications))
#22 /var/www/html/productive/vendor/laravel/framework/src/Illuminate/Pipeline/Pipeline.php(103): Illuminate\\Pipeline\\Pipeline->Illuminate\\Pipeline\\{closure}(Object(Illuminate\\Notifications\\SendQueuedNotifications))
#23 /var/www/html/productive/vendor/laravel/framework/src/Illuminate/Queue/CallQueuedHandler.php(85): Illuminate\\Pipeline\\Pipeline->then(Object(Closure))
#24 /var/www/html/productive/vendor/laravel/framework/src/Illuminate/Queue/CallQueuedHandler.php(59): Illuminate\\Queue\\CallQueuedHandler->dispatchThroughMiddleware(Object(Illuminate\\Queue\\Jobs\\SyncJob), Object(Illuminate\\Notifications\\SendQueuedNotifications))
#25 /var/www/html/productive/vendor/laravel/framework/src/Illuminate/Queue/Jobs/Job.php(98): Illuminate\\Queue\\CallQueuedHandler->call(Object(Illuminate\\Queue\\Jobs\\SyncJob), Array)
#26 /var/www/html/productive/vendor/laravel/framework/src/Illuminate/Queue/SyncQueue.php(43): Illuminate\\Queue\\Jobs\\Job->fire()
#27 /var/www/html/productive/vendor/laravel/framework/src/Illuminate/Queue/Queue.php(46): Illuminate\\Queue\\SyncQueue->push(Object(Illuminate\\Notifications\\SendQueuedNotifications), '', 'social')
#28 /var/www/html/productive/vendor/laravel/framework/src/Illuminate/Bus/Dispatcher.php(175): Illuminate\\Queue\\Queue->pushOn('social', Object(Illuminate\\Notifications\\SendQueuedNotifications))
#29 /var/www/html/productive/vendor/laravel/framework/src/Illuminate/Bus/Dispatcher.php(158): Illuminate\\Bus\\Dispatcher->pushCommandToQueue(Object(Illuminate\\Queue\\SyncQueue), Object(Illuminate\\Notifications\\SendQueuedNotifications))
#30 /var/www/html/productive/vendor/laravel/framework/src/Illuminate/Bus/Dispatcher.php(73): Illuminate\\Bus\\Dispatcher->dispatchToQueue(Object(Illuminate\\Notifications\\SendQueuedNotifications))
#31 /var/www/html/productive/vendor/laravel/framework/src/Illuminate/Notifications/NotificationSender.php(201): Illuminate\\Bus\\Dispatcher->dispatch(Object(Illuminate\\Notifications\\SendQueuedNotifications))
#32 /var/www/html/productive/vendor/laravel/framework/src/Illuminate/Notifications/NotificationSender.php(76): Illuminate\\Notifications\\NotificationSender->queueNotification(Object(Illuminate\\Database\\Eloquent\\Collection), Object(App\\Notifications\\SendActivationEmail))
#33 /var/www/html/productive/vendor/laravel/framework/src/Illuminate/Notifications/ChannelManager.php(39): Illuminate\\Notifications\\NotificationSender->send(Object(Illuminate\\Database\\Eloquent\\Collection), Object(App\\Notifications\\SendActivationEmail))
#34 /var/www/html/productive/vendor/laravel/framework/src/Illuminate/Notifications/RoutesNotifications.php(18): Illuminate\\Notifications\\ChannelManager->send(Object(App\\Models\\User), Object(App\\Notifications\\SendActivationEmail))
#35 /var/www/html/productive/app/Logic/Activation/ActivationRepository.php(71): App\\Models\\User->notify(Object(App\\Notifications\\SendActivationEmail))
#36 /var/www/html/productive/app/Logic/Activation/ActivationRepository.php(41): App\\Logic\\Activation\\ActivationRepository->sendNewActivationEmail(Object(App\\Models\\User), 'bWLVji7YjRNEltV...')
#37 /var/www/html/productive/app/Traits/ActivationTrait.php(26): App\\Logic\\Activation\\ActivationRepository->createTokenAndSendEmail(Object(App\\Models\\User))
#38 /var/www/html/productive/app/Http/Controllers/Auth/RegisterController.php(126): App\\Http\\Controllers\\Auth\\RegisterController->initiateEmailActivation(Object(App\\Models\\User))
#39 /var/www/html/productive/vendor/laravel/ui/auth-backend/RegistersUsers.php(34): App\\Http\\Controllers\\Auth\\RegisterController->create(Array)
#40 [internal function]: App\\Http\\Controllers\\Auth\\RegisterController->register(Object(Illuminate\\Http\\Request))
#41 /var/www/html/productive/vendor/laravel/framework/src/Illuminate/Routing/Controller.php(54): call_user_func_array(Array, Array)
#42 /var/www/html/productive/vendor/laravel/framework/src/Illuminate/Routing/ControllerDispatcher.php(45): Illuminate\\Routing\\Controller->callAction('register', Array)
#43 /var/www/html/productive/vendor/laravel/framework/src/Illuminate/Routing/Route.php(225): Illuminate\\Routing\\ControllerDispatcher->dispatch(Object(Illuminate\\Routing\\Route), Object(App\\Http\\Controllers\\Auth\\RegisterController), 'register')
#44 /var/www/html/productive/vendor/laravel/framework/src/Illuminate/Routing/Route.php(182): Illuminate\\Routing\\Route->runController()
#45 /var/www/html/productive/vendor/laravel/framework/src/Illuminate/Routing/Router.php(685): Illuminate\\Routing\\Route->run()
#46 /var/www/html/productive/vendor/laravel/framework/src/Illuminate/Pipeline/Pipeline.php(128): Illuminate\\Routing\\Router->Illuminate\\Routing\\{closure}(Object(Illuminate\\Http\\Request))
#47 /var/www/html/productive/app/Http/Middleware/RedirectIfAuthenticated.php(25): Illuminate\\Pipeline\\Pipeline->Illuminate\\Pipeline\\{closure}(Object(Illuminate\\Http\\Request))
#48 /var/www/html/productive/vendor/laravel/framework/src/Illuminate/Pipeline/Pipeline.php(167): App\\Http\\Middleware\\RedirectIfAuthenticated->handle(Object(Illuminate\\Http\\Request), Object(Closure))
#49 /var/www/html/productive/vendor/laravel/framework/src/Illuminate/Routing/Middleware/SubstituteBindings.php(41): Illuminate\\Pipeline\\Pipeline->Illuminate\\Pipeline\\{closure}(Object(Illuminate\\Http\\Request))
#50 /var/www/html/productive/vendor/laravel/framework/src/Illuminate/Pipeline/Pipeline.php(167): Illuminate\\Routing\\Middleware\\SubstituteBindings->handle(Object(Illuminate\\Http\\Request), Object(Closure))
#51 /var/www/html/productive/vendor/laravel/framework/src/Illuminate/Foundation/Http/Middleware/VerifyCsrfToken.php(76): Illuminate\\Pipeline\\Pipeline->Illuminate\\Pipeline\\{closure}(Object(Illuminate\\Http\\Request))
#52 /var/www/html/productive/vendor/laravel/framework/src/Illuminate/Pipeline/Pipeline.php(167): Illuminate\\Foundation\\Http\\Middleware\\VerifyCsrfToken->handle(Object(Illuminate\\Http\\Request), Object(Closure))
#53 /var/www/html/productive/vendor/laravel/framework/src/Illuminate/View/Middleware/ShareErrorsFromSession.php(49): Illuminate\\Pipeline\\Pipeline->Illuminate\\Pipeline\\{closure}(Object(Illuminate\\Http\\Request))
#54 /var/www/html/productive/vendor/laravel/framework/src/Illuminate/Pipeline/Pipeline.php(167): Illuminate\\View\\Middleware\\ShareErrorsFromSession->handle(Object(Illuminate\\Http\\Request), Object(Closure))
#55 /var/www/html/productive/vendor/laravel/framework/src/Illuminate/Session/Middleware/StartSession.php(56): Illuminate\\Pipeline\\Pipeline->Illuminate\\Pipeline\\{closure}(Object(Illuminate\\Http\\Request))
#56 /var/www/html/productive/vendor/laravel/framework/src/Illuminate/Pipeline/Pipeline.php(167): Illuminate\\Session\\Middleware\\StartSession->handle(Object(Illuminate\\Http\\Request), Object(Closure))
#57 /var/www/html/productive/vendor/laravel/framework/src/Illuminate/Cookie/Middleware/AddQueuedCookiesToResponse.php(37): Illuminate\\Pipeline\\Pipeline->Illuminate\\Pipeline\\{closure}(Object(Illuminate\\Http\\Request))
#58 /var/www/html/productive/vendor/laravel/framework/src/Illuminate/Pipeline/Pipeline.php(167): Illuminate\\Cookie\\Middleware\\AddQueuedCookiesToResponse->handle(Object(Illuminate\\Http\\Request), Object(Closure))
#59 /var/www/html/productive/vendor/laravel/framework/src/Illuminate/Cookie/Middleware/EncryptCookies.php(66): Illuminate\\Pipeline\\Pipeline->Illuminate\\Pipeline\\{closure}(Object(Illuminate\\Http\\Request))
#60 /var/www/html/productive/vendor/laravel/framework/src/Illuminate/Pipeline/Pipeline.php(167): Illuminate\\Cookie\\Middleware\\EncryptCookies->handle(Object(Illuminate\\Http\\Request), Object(Closure))
#61 /var/www/html/productive/vendor/laravel/framework/src/Illuminate/Pipeline/Pipeline.php(103): Illuminate\\Pipeline\\Pipeline->Illuminate\\Pipeline\\{closure}(Object(Illuminate\\Http\\Request))
#62 /var/www/html/productive/vendor/laravel/framework/src/Illuminate/Routing/Router.php(687): Illuminate\\Pipeline\\Pipeline->then(Object(Closure))
#63 /var/www/html/productive/vendor/laravel/framework/src/Illuminate/Routing/Router.php(662): Illuminate\\Routing\\Router->runRouteWithinStack(Object(Illuminate\\Routing\\Route), Object(Illuminate\\Http\\Request))
#64 /var/www/html/productive/vendor/laravel/framework/src/Illuminate/Routing/Router.php(628): Illuminate\\Routing\\Router->runRoute(Object(Illuminate\\Http\\Request), Object(Illuminate\\Routing\\Route))
#65 /var/www/html/productive/vendor/laravel/framework/src/Illuminate/Routing/Router.php(617): Illuminate\\Routing\\Router->dispatchToRoute(Object(Illuminate\\Http\\Request))
#66 /var/www/html/productive/vendor/laravel/framework/src/Illuminate/Foundation/Http/Kernel.php(165): Illuminate\\Routing\\Router->dispatch(Object(Illuminate\\Http\\Request))
#67 /var/www/html/productive/vendor/laravel/framework/src/Illuminate/Pipeline/Pipeline.php(128): Illuminate\\Foundation\\Http\\Kernel->Illuminate\\Foundation\\Http\\{closure}(Object(Illuminate\\Http\\Request))
#68 /var/www/html/productive/vendor/barryvdh/laravel-debugbar/src/Middleware/InjectDebugbar.php(65): Illuminate\\Pipeline\\Pipeline->Illuminate\\Pipeline\\{closure}(Object(Illuminate\\Http\\Request))
#69 /var/www/html/productive/vendor/laravel/framework/src/Illuminate/Pipeline/Pipeline.php(167): Barryvdh\\Debugbar\\Middleware\\InjectDebugbar->handle(Object(Illuminate\\Http\\Request), Object(Closure))
#70 /var/www/html/productive/vendor/laravel/framework/src/Illuminate/Foundation/Http/Middleware/TransformsRequest.php(21): Illuminate\\Pipeline\\Pipeline->Illuminate\\Pipeline\\{closure}(Object(Illuminate\\Http\\Request))
#71 /var/www/html/productive/vendor/laravel/framework/src/Illuminate/Pipeline/Pipeline.php(167): Illuminate\\Foundation\\Http\\Middleware\\TransformsRequest->handle(Object(Illuminate\\Http\\Request), Object(Closure))
#72 /var/www/html/productive/vendor/laravel/framework/src/Illuminate/Foundation/Http/Middleware/TransformsRequest.php(21): Illuminate\\Pipeline\\Pipeline->Illuminate\\Pipeline\\{closure}(Object(Illuminate\\Http\\Request))
#73 /var/www/html/productive/vendor/laravel/framework/src/Illuminate/Pipeline/Pipeline.php(167): Illuminate\\Foundation\\Http\\Middleware\\TransformsRequest->handle(Object(Illuminate\\Http\\Request), Object(Closure))
#74 /var/www/html/productive/vendor/laravel/framework/src/Illuminate/Foundation/Http/Middleware/ValidatePostSize.php(27): Illuminate\\Pipeline\\Pipeline->Illuminate\\Pipeline\\{closure}(Object(Illuminate\\Http\\Request))
#75 /var/www/html/productive/vendor/laravel/framework/src/Illuminate/Pipeline/Pipeline.php(167): Illuminate\\Foundation\\Http\\Middleware\\ValidatePostSize->handle(Object(Illuminate\\Http\\Request), Object(Closure))
#76 /var/www/html/productive/vendor/laravel/framework/src/Illuminate/Foundation/Http/Middleware/CheckForMaintenanceMode.php(63): Illuminate\\Pipeline\\Pipeline->Illuminate\\Pipeline\\{closure}(Object(Illuminate\\Http\\Request))
#77 /var/www/html/productive/vendor/laravel/framework/src/Illuminate/Pipeline/Pipeline.php(167): Illuminate\\Foundation\\Http\\Middleware\\CheckForMaintenanceMode->handle(Object(Illuminate\\Http\\Request), Object(Closure))
#78 /var/www/html/productive/vendor/fruitcake/laravel-cors/src/HandleCors.php(36): Illuminate\\Pipeline\\Pipeline->Illuminate\\Pipeline\\{closure}(Object(Illuminate\\Http\\Request))
#79 /var/www/html/productive/vendor/laravel/framework/src/Illuminate/Pipeline/Pipeline.php(167): Fruitcake\\Cors\\HandleCors->handle(Object(Illuminate\\Http\\Request), Object(Closure))
#80 /var/www/html/productive/vendor/fideloper/proxy/src/TrustProxies.php(57): Illuminate\\Pipeline\\Pipeline->Illuminate\\Pipeline\\{closure}(Object(Illuminate\\Http\\Request))
#81 /var/www/html/productive/vendor/laravel/framework/src/Illuminate/Pipeline/Pipeline.php(167): Fideloper\\Proxy\\TrustProxies->handle(Object(Illuminate\\Http\\Request), Object(Closure))
#82 /var/www/html/productive/vendor/laravel/framework/src/Illuminate/Pipeline/Pipeline.php(103): Illuminate\\Pipeline\\Pipeline->Illuminate\\Pipeline\\{closure}(Object(Illuminate\\Http\\Request))
#83 /var/www/html/productive/vendor/laravel/framework/src/Illuminate/Foundation/Http/Kernel.php(140): Illuminate\\Pipeline\\Pipeline->then(Object(Closure))
#84 /var/www/html/productive/vendor/laravel/framework/src/Illuminate/Foundation/Http/Kernel.php(109): Illuminate\\Foundation\\Http\\Kernel->sendRequestThroughRouter(Object(Illuminate\\Http\\Request))
#85 /var/www/html/productive/public/index.php(55): Illuminate\\Foundation\\Http\\Kernel->handle(Object(Illuminate\\Http\\Request))
#86 /var/www/html/productive/server.php(21): require_once('/var/www/html/p...')
#87 {main}
"} 
[2020-04-15 06:11:18] local.INFO: Non-activated user attempted to visit public.home.  [{"App\\Models\\User":{"id":3,"name":"temp","first_name":"temp","last_name":"user 1","email":"user1@gmail.com","email_verified_at":null,"signup_ip_address":"0.0.0.0","signup_confirmation_ip_address":null,"signup_sm_ip_address":null,"admin_ip_address":null,"updated_ip_address":null,"deleted_ip_address":null,"created_at":"2020-04-15T06:10:59.000000Z","updated_at":"2020-04-15T06:10:59.000000Z","deleted_at":null}}] 
[2020-04-15 06:11:19] local.INFO: Registered attempted to navigate while unactivate. activation-required.  [{"App\\Models\\User":{"id":3,"name":"temp","first_name":"temp","last_name":"user 1","email":"user1@gmail.com","email_verified_at":null,"signup_ip_address":"0.0.0.0","signup_confirmation_ip_address":null,"signup_sm_ip_address":null,"admin_ip_address":null,"updated_ip_address":null,"deleted_ip_address":null,"created_at":"2020-04-15T06:10:59.000000Z","updated_at":"2020-04-15T06:10:59.000000Z","deleted_at":null}}] 
[2020-04-15 06:11:34] local.ERROR: You don't have a required ['admin'] role. {"userId":3,"exception":"[object] (jeremykenedy\\LaravelRoles\\App\\Exceptions\\RoleDeniedException(code: 0): You don't have a required ['admin'] role. at /var/www/html/productive/vendor/jeremykenedy/laravel-roles/src/App/Http/Middleware/VerifyRole.php:44)
[stacktrace]
#0 /var/www/html/productive/vendor/laravel/framework/src/Illuminate/Pipeline/Pipeline.php(167): jeremykenedy\\LaravelRoles\\App\\Http\\Middleware\\VerifyRole->handle(Object(Illuminate\\Http\\Request), Object(Closure), 'admin')
#1 /var/www/html/productive/vendor/laravel/framework/src/Illuminate/Routing/Middleware/SubstituteBindings.php(41): Illuminate\\Pipeline\\Pipeline->Illuminate\\Pipeline\\{closure}(Object(Illuminate\\Http\\Request))
#2 /var/www/html/productive/vendor/laravel/framework/src/Illuminate/Pipeline/Pipeline.php(167): Illuminate\\Routing\\Middleware\\SubstituteBindings->handle(Object(Illuminate\\Http\\Request), Object(Closure))
#3 /var/www/html/productive/app/Http/Middleware/Authenticate.php(63): Illuminate\\Pipeline\\Pipeline->Illuminate\\Pipeline\\{closure}(Object(Illuminate\\Http\\Request))
#4 /var/www/html/productive/vendor/laravel/framework/src/Illuminate/Pipeline/Pipeline.php(167): App\\Http\\Middleware\\Authenticate->handle(Object(Illuminate\\Http\\Request), Object(Closure))
#5 /var/www/html/productive/vendor/laravel/framework/src/Illuminate/Foundation/Http/Middleware/VerifyCsrfToken.php(76): Illuminate\\Pipeline\\Pipeline->Illuminate\\Pipeline\\{closure}(Object(Illuminate\\Http\\Request))
#6 /var/www/html/productive/vendor/laravel/framework/src/Illuminate/Pipeline/Pipeline.php(167): Illuminate\\Foundation\\Http\\Middleware\\VerifyCsrfToken->handle(Object(Illuminate\\Http\\Request), Object(Closure))
#7 /var/www/html/productive/vendor/laravel/framework/src/Illuminate/View/Middleware/ShareErrorsFromSession.php(49): Illuminate\\Pipeline\\Pipeline->Illuminate\\Pipeline\\{closure}(Object(Illuminate\\Http\\Request))
#8 /var/www/html/productive/vendor/laravel/framework/src/Illuminate/Pipeline/Pipeline.php(167): Illuminate\\View\\Middleware\\ShareErrorsFromSession->handle(Object(Illuminate\\Http\\Request), Object(Closure))
#9 /var/www/html/productive/vendor/laravel/framework/src/Illuminate/Session/Middleware/StartSession.php(56): Illuminate\\Pipeline\\Pipeline->Illuminate\\Pipeline\\{closure}(Object(Illuminate\\Http\\Request))
#10 /var/www/html/productive/vendor/laravel/framework/src/Illuminate/Pipeline/Pipeline.php(167): Illuminate\\Session\\Middleware\\StartSession->handle(Object(Illuminate\\Http\\Request), Object(Closure))
#11 /var/www/html/productive/vendor/laravel/framework/src/Illuminate/Cookie/Middleware/AddQueuedCookiesToResponse.php(37): Illuminate\\Pipeline\\Pipeline->Illuminate\\Pipeline\\{closure}(Object(Illuminate\\Http\\Request))
#12 /var/www/html/productive/vendor/laravel/framework/src/Illuminate/Pipeline/Pipeline.php(167): Illuminate\\Cookie\\Middleware\\AddQueuedCookiesToResponse->handle(Object(Illuminate\\Http\\Request), Object(Closure))
#13 /var/www/html/productive/vendor/laravel/framework/src/Illuminate/Cookie/Middleware/EncryptCookies.php(66): Illuminate\\Pipeline\\Pipeline->Illuminate\\Pipeline\\{closure}(Object(Illuminate\\Http\\Request))
#14 /var/www/html/productive/vendor/laravel/framework/src/Illuminate/Pipeline/Pipeline.php(167): Illuminate\\Cookie\\Middleware\\EncryptCookies->handle(Object(Illuminate\\Http\\Request), Object(Closure))
#15 /var/www/html/productive/vendor/laravel/framework/src/Illuminate/Pipeline/Pipeline.php(103): Illuminate\\Pipeline\\Pipeline->Illuminate\\Pipeline\\{closure}(Object(Illuminate\\Http\\Request))
#16 /var/www/html/productive/vendor/laravel/framework/src/Illuminate/Routing/Router.php(687): Illuminate\\Pipeline\\Pipeline->then(Object(Closure))
#17 /var/www/html/productive/vendor/laravel/framework/src/Illuminate/Routing/Router.php(662): Illuminate\\Routing\\Router->runRouteWithinStack(Object(Illuminate\\Routing\\Route), Object(Illuminate\\Http\\Request))
#18 /var/www/html/productive/vendor/laravel/framework/src/Illuminate/Routing/Router.php(628): Illuminate\\Routing\\Router->runRoute(Object(Illuminate\\Http\\Request), Object(Illuminate\\Routing\\Route))
#19 /var/www/html/productive/vendor/laravel/framework/src/Illuminate/Routing/Router.php(617): Illuminate\\Routing\\Router->dispatchToRoute(Object(Illuminate\\Http\\Request))
#20 /var/www/html/productive/vendor/laravel/framework/src/Illuminate/Foundation/Http/Kernel.php(165): Illuminate\\Routing\\Router->dispatch(Object(Illuminate\\Http\\Request))
#21 /var/www/html/productive/vendor/laravel/framework/src/Illuminate/Pipeline/Pipeline.php(128): Illuminate\\Foundation\\Http\\Kernel->Illuminate\\Foundation\\Http\\{closure}(Object(Illuminate\\Http\\Request))
#22 /var/www/html/productive/vendor/barryvdh/laravel-debugbar/src/Middleware/InjectDebugbar.php(65): Illuminate\\Pipeline\\Pipeline->Illuminate\\Pipeline\\{closure}(Object(Illuminate\\Http\\Request))
#23 /var/www/html/productive/vendor/laravel/framework/src/Illuminate/Pipeline/Pipeline.php(167): Barryvdh\\Debugbar\\Middleware\\InjectDebugbar->handle(Object(Illuminate\\Http\\Request), Object(Closure))
#24 /var/www/html/productive/vendor/laravel/framework/src/Illuminate/Foundation/Http/Middleware/TransformsRequest.php(21): Illuminate\\Pipeline\\Pipeline->Illuminate\\Pipeline\\{closure}(Object(Illuminate\\Http\\Request))
#25 /var/www/html/productive/vendor/laravel/framework/src/Illuminate/Pipeline/Pipeline.php(167): Illuminate\\Foundation\\Http\\Middleware\\TransformsRequest->handle(Object(Illuminate\\Http\\Request), Object(Closure))
#26 /var/www/html/productive/vendor/laravel/framework/src/Illuminate/Foundation/Http/Middleware/TransformsRequest.php(21): Illuminate\\Pipeline\\Pipeline->Illuminate\\Pipeline\\{closure}(Object(Illuminate\\Http\\Request))
#27 /var/www/html/productive/vendor/laravel/framework/src/Illuminate/Pipeline/Pipeline.php(167): Illuminate\\Foundation\\Http\\Middleware\\TransformsRequest->handle(Object(Illuminate\\Http\\Request), Object(Closure))
#28 /var/www/html/productive/vendor/laravel/framework/src/Illuminate/Foundation/Http/Middleware/ValidatePostSize.php(27): Illuminate\\Pipeline\\Pipeline->Illuminate\\Pipeline\\{closure}(Object(Illuminate\\Http\\Request))
#29 /var/www/html/productive/vendor/laravel/framework/src/Illuminate/Pipeline/Pipeline.php(167): Illuminate\\Foundation\\Http\\Middleware\\ValidatePostSize->handle(Object(Illuminate\\Http\\Request), Object(Closure))
#30 /var/www/html/productive/vendor/laravel/framework/src/Illuminate/Foundation/Http/Middleware/CheckForMaintenanceMode.php(63): Illuminate\\Pipeline\\Pipeline->Illuminate\\Pipeline\\{closure}(Object(Illuminate\\Http\\Request))
#31 /var/www/html/productive/vendor/laravel/framework/src/Illuminate/Pipeline/Pipeline.php(167): Illuminate\\Foundation\\Http\\Middleware\\CheckForMaintenanceMode->handle(Object(Illuminate\\Http\\Request), Object(Closure))
#32 /var/www/html/productive/vendor/fruitcake/laravel-cors/src/HandleCors.php(36): Illuminate\\Pipeline\\Pipeline->Illuminate\\Pipeline\\{closure}(Object(Illuminate\\Http\\Request))
#33 /var/www/html/productive/vendor/laravel/framework/src/Illuminate/Pipeline/Pipeline.php(167): Fruitcake\\Cors\\HandleCors->handle(Object(Illuminate\\Http\\Request), Object(Closure))
#34 /var/www/html/productive/vendor/fideloper/proxy/src/TrustProxies.php(57): Illuminate\\Pipeline\\Pipeline->Illuminate\\Pipeline\\{closure}(Object(Illuminate\\Http\\Request))
#35 /var/www/html/productive/vendor/laravel/framework/src/Illuminate/Pipeline/Pipeline.php(167): Fideloper\\Proxy\\TrustProxies->handle(Object(Illuminate\\Http\\Request), Object(Closure))
#36 /var/www/html/productive/vendor/laravel/framework/src/Illuminate/Pipeline/Pipeline.php(103): Illuminate\\Pipeline\\Pipeline->Illuminate\\Pipeline\\{closure}(Object(Illuminate\\Http\\Request))
#37 /var/www/html/productive/vendor/laravel/framework/src/Illuminate/Foundation/Http/Kernel.php(140): Illuminate\\Pipeline\\Pipeline->then(Object(Closure))
#38 /var/www/html/productive/vendor/laravel/framework/src/Illuminate/Foundation/Http/Kernel.php(109): Illuminate\\Foundation\\Http\\Kernel->sendRequestThroughRouter(Object(Illuminate\\Http\\Request))
#39 /var/www/html/productive/public/index.php(55): Illuminate\\Foundation\\Http\\Kernel->handle(Object(Illuminate\\Http\\Request))
#40 /var/www/html/productive/server.php(21): require_once('/var/www/html/p...')
#41 {main}
"} 
[2020-04-15 06:11:36] local.ERROR: You don't have a required ['admin'] role. {"userId":3,"exception":"[object] (jeremykenedy\\LaravelRoles\\App\\Exceptions\\RoleDeniedException(code: 0): You don't have a required ['admin'] role. at /var/www/html/productive/vendor/jeremykenedy/laravel-roles/src/App/Http/Middleware/VerifyRole.php:44)
[stacktrace]
#0 /var/www/html/productive/vendor/laravel/framework/src/Illuminate/Pipeline/Pipeline.php(167): jeremykenedy\\LaravelRoles\\App\\Http\\Middleware\\VerifyRole->handle(Object(Illuminate\\Http\\Request), Object(Closure), 'admin')
#1 /var/www/html/productive/vendor/laravel/framework/src/Illuminate/Routing/Middleware/SubstituteBindings.php(41): Illuminate\\Pipeline\\Pipeline->Illuminate\\Pipeline\\{closure}(Object(Illuminate\\Http\\Request))
#2 /var/www/html/productive/vendor/laravel/framework/src/Illuminate/Pipeline/Pipeline.php(167): Illuminate\\Routing\\Middleware\\SubstituteBindings->handle(Object(Illuminate\\Http\\Request), Object(Closure))
#3 /var/www/html/productive/app/Http/Middleware/Authenticate.php(63): Illuminate\\Pipeline\\Pipeline->Illuminate\\Pipeline\\{closure}(Object(Illuminate\\Http\\Request))
#4 /var/www/html/productive/vendor/laravel/framework/src/Illuminate/Pipeline/Pipeline.php(167): App\\Http\\Middleware\\Authenticate->handle(Object(Illuminate\\Http\\Request), Object(Closure))
#5 /var/www/html/productive/vendor/laravel/framework/src/Illuminate/Foundation/Http/Middleware/VerifyCsrfToken.php(76): Illuminate\\Pipeline\\Pipeline->Illuminate\\Pipeline\\{closure}(Object(Illuminate\\Http\\Request))
#6 /var/www/html/productive/vendor/laravel/framework/src/Illuminate/Pipeline/Pipeline.php(167): Illuminate\\Foundation\\Http\\Middleware\\VerifyCsrfToken->handle(Object(Illuminate\\Http\\Request), Object(Closure))
#7 /var/www/html/productive/vendor/laravel/framework/src/Illuminate/View/Middleware/ShareErrorsFromSession.php(49): Illuminate\\Pipeline\\Pipeline->Illuminate\\Pipeline\\{closure}(Object(Illuminate\\Http\\Request))
#8 /var/www/html/productive/vendor/laravel/framework/src/Illuminate/Pipeline/Pipeline.php(167): Illuminate\\View\\Middleware\\ShareErrorsFromSession->handle(Object(Illuminate\\Http\\Request), Object(Closure))
#9 /var/www/html/productive/vendor/laravel/framework/src/Illuminate/Session/Middleware/StartSession.php(56): Illuminate\\Pipeline\\Pipeline->Illuminate\\Pipeline\\{closure}(Object(Illuminate\\Http\\Request))
#10 /var/www/html/productive/vendor/laravel/framework/src/Illuminate/Pipeline/Pipeline.php(167): Illuminate\\Session\\Middleware\\StartSession->handle(Object(Illuminate\\Http\\Request), Object(Closure))
#11 /var/www/html/productive/vendor/laravel/framework/src/Illuminate/Cookie/Middleware/AddQueuedCookiesToResponse.php(37): Illuminate\\Pipeline\\Pipeline->Illuminate\\Pipeline\\{closure}(Object(Illuminate\\Http\\Request))
#12 /var/www/html/productive/vendor/laravel/framework/src/Illuminate/Pipeline/Pipeline.php(167): Illuminate\\Cookie\\Middleware\\AddQueuedCookiesToResponse->handle(Object(Illuminate\\Http\\Request), Object(Closure))
#13 /var/www/html/productive/vendor/laravel/framework/src/Illuminate/Cookie/Middleware/EncryptCookies.php(66): Illuminate\\Pipeline\\Pipeline->Illuminate\\Pipeline\\{closure}(Object(Illuminate\\Http\\Request))
#14 /var/www/html/productive/vendor/laravel/framework/src/Illuminate/Pipeline/Pipeline.php(167): Illuminate\\Cookie\\Middleware\\EncryptCookies->handle(Object(Illuminate\\Http\\Request), Object(Closure))
#15 /var/www/html/productive/vendor/laravel/framework/src/Illuminate/Pipeline/Pipeline.php(103): Illuminate\\Pipeline\\Pipeline->Illuminate\\Pipeline\\{closure}(Object(Illuminate\\Http\\Request))
#16 /var/www/html/productive/vendor/laravel/framework/src/Illuminate/Routing/Router.php(687): Illuminate\\Pipeline\\Pipeline->then(Object(Closure))
#17 /var/www/html/productive/vendor/laravel/framework/src/Illuminate/Routing/Router.php(662): Illuminate\\Routing\\Router->runRouteWithinStack(Object(Illuminate\\Routing\\Route), Object(Illuminate\\Http\\Request))
#18 /var/www/html/productive/vendor/laravel/framework/src/Illuminate/Routing/Router.php(628): Illuminate\\Routing\\Router->runRoute(Object(Illuminate\\Http\\Request), Object(Illuminate\\Routing\\Route))
#19 /var/www/html/productive/vendor/laravel/framework/src/Illuminate/Routing/Router.php(617): Illuminate\\Routing\\Router->dispatchToRoute(Object(Illuminate\\Http\\Request))
#20 /var/www/html/productive/vendor/laravel/framework/src/Illuminate/Foundation/Http/Kernel.php(165): Illuminate\\Routing\\Router->dispatch(Object(Illuminate\\Http\\Request))
#21 /var/www/html/productive/vendor/laravel/framework/src/Illuminate/Pipeline/Pipeline.php(128): Illuminate\\Foundation\\Http\\Kernel->Illuminate\\Foundation\\Http\\{closure}(Object(Illuminate\\Http\\Request))
#22 /var/www/html/productive/vendor/barryvdh/laravel-debugbar/src/Middleware/InjectDebugbar.php(65): Illuminate\\Pipeline\\Pipeline->Illuminate\\Pipeline\\{closure}(Object(Illuminate\\Http\\Request))
#23 /var/www/html/productive/vendor/laravel/framework/src/Illuminate/Pipeline/Pipeline.php(167): Barryvdh\\Debugbar\\Middleware\\InjectDebugbar->handle(Object(Illuminate\\Http\\Request), Object(Closure))
#24 /var/www/html/productive/vendor/laravel/framework/src/Illuminate/Foundation/Http/Middleware/TransformsRequest.php(21): Illuminate\\Pipeline\\Pipeline->Illuminate\\Pipeline\\{closure}(Object(Illuminate\\Http\\Request))
#25 /var/www/html/productive/vendor/laravel/framework/src/Illuminate/Pipeline/Pipeline.php(167): Illuminate\\Foundation\\Http\\Middleware\\TransformsRequest->handle(Object(Illuminate\\Http\\Request), Object(Closure))
#26 /var/www/html/productive/vendor/laravel/framework/src/Illuminate/Foundation/Http/Middleware/TransformsRequest.php(21): Illuminate\\Pipeline\\Pipeline->Illuminate\\Pipeline\\{closure}(Object(Illuminate\\Http\\Request))
#27 /var/www/html/productive/vendor/laravel/framework/src/Illuminate/Pipeline/Pipeline.php(167): Illuminate\\Foundation\\Http\\Middleware\\TransformsRequest->handle(Object(Illuminate\\Http\\Request), Object(Closure))
#28 /var/www/html/productive/vendor/laravel/framework/src/Illuminate/Foundation/Http/Middleware/ValidatePostSize.php(27): Illuminate\\Pipeline\\Pipeline->Illuminate\\Pipeline\\{closure}(Object(Illuminate\\Http\\Request))
#29 /var/www/html/productive/vendor/laravel/framework/src/Illuminate/Pipeline/Pipeline.php(167): Illuminate\\Foundation\\Http\\Middleware\\ValidatePostSize->handle(Object(Illuminate\\Http\\Request), Object(Closure))
#30 /var/www/html/productive/vendor/laravel/framework/src/Illuminate/Foundation/Http/Middleware/CheckForMaintenanceMode.php(63): Illuminate\\Pipeline\\Pipeline->Illuminate\\Pipeline\\{closure}(Object(Illuminate\\Http\\Request))
#31 /var/www/html/productive/vendor/laravel/framework/src/Illuminate/Pipeline/Pipeline.php(167): Illuminate\\Foundation\\Http\\Middleware\\CheckForMaintenanceMode->handle(Object(Illuminate\\Http\\Request), Object(Closure))
#32 /var/www/html/productive/vendor/fruitcake/laravel-cors/src/HandleCors.php(36): Illuminate\\Pipeline\\Pipeline->Illuminate\\Pipeline\\{closure}(Object(Illuminate\\Http\\Request))
#33 /var/www/html/productive/vendor/laravel/framework/src/Illuminate/Pipeline/Pipeline.php(167): Fruitcake\\Cors\\HandleCors->handle(Object(Illuminate\\Http\\Request), Object(Closure))
#34 /var/www/html/productive/vendor/fideloper/proxy/src/TrustProxies.php(57): Illuminate\\Pipeline\\Pipeline->Illuminate\\Pipeline\\{closure}(Object(Illuminate\\Http\\Request))
#35 /var/www/html/productive/vendor/laravel/framework/src/Illuminate/Pipeline/Pipeline.php(167): Fideloper\\Proxy\\TrustProxies->handle(Object(Illuminate\\Http\\Request), Object(Closure))
#36 /var/www/html/productive/vendor/laravel/framework/src/Illuminate/Pipeline/Pipeline.php(103): Illuminate\\Pipeline\\Pipeline->Illuminate\\Pipeline\\{closure}(Object(Illuminate\\Http\\Request))
#37 /var/www/html/productive/vendor/laravel/framework/src/Illuminate/Foundation/Http/Kernel.php(140): Illuminate\\Pipeline\\Pipeline->then(Object(Closure))
#38 /var/www/html/productive/vendor/laravel/framework/src/Illuminate/Foundation/Http/Kernel.php(109): Illuminate\\Foundation\\Http\\Kernel->sendRequestThroughRouter(Object(Illuminate\\Http\\Request))
#39 /var/www/html/productive/public/index.php(55): Illuminate\\Foundation\\Http\\Kernel->handle(Object(Illuminate\\Http\\Request))
#40 /var/www/html/productive/server.php(21): require_once('/var/www/html/p...')
#41 {main}
"} 
[2020-04-15 06:11:53] local.ERROR: You don't have a required ['admin'] role. {"userId":3,"exception":"[object] (jeremykenedy\\LaravelRoles\\App\\Exceptions\\RoleDeniedException(code: 0): You don't have a required ['admin'] role. at /var/www/html/productive/vendor/jeremykenedy/laravel-roles/src/App/Http/Middleware/VerifyRole.php:44)
[stacktrace]
#0 /var/www/html/productive/vendor/laravel/framework/src/Illuminate/Pipeline/Pipeline.php(167): jeremykenedy\\LaravelRoles\\App\\Http\\Middleware\\VerifyRole->handle(Object(Illuminate\\Http\\Request), Object(Closure), 'admin')
#1 /var/www/html/productive/vendor/laravel/framework/src/Illuminate/Routing/Middleware/SubstituteBindings.php(41): Illuminate\\Pipeline\\Pipeline->Illuminate\\Pipeline\\{closure}(Object(Illuminate\\Http\\Request))
#2 /var/www/html/productive/vendor/laravel/framework/src/Illuminate/Pipeline/Pipeline.php(167): Illuminate\\Routing\\Middleware\\SubstituteBindings->handle(Object(Illuminate\\Http\\Request), Object(Closure))
#3 /var/www/html/productive/app/Http/Middleware/Authenticate.php(63): Illuminate\\Pipeline\\Pipeline->Illuminate\\Pipeline\\{closure}(Object(Illuminate\\Http\\Request))
#4 /var/www/html/productive/vendor/laravel/framework/src/Illuminate/Pipeline/Pipeline.php(167): App\\Http\\Middleware\\Authenticate->handle(Object(Illuminate\\Http\\Request), Object(Closure))
#5 /var/www/html/productive/vendor/laravel/framework/src/Illuminate/Foundation/Http/Middleware/VerifyCsrfToken.php(76): Illuminate\\Pipeline\\Pipeline->Illuminate\\Pipeline\\{closure}(Object(Illuminate\\Http\\Request))
#6 /var/www/html/productive/vendor/laravel/framework/src/Illuminate/Pipeline/Pipeline.php(167): Illuminate\\Foundation\\Http\\Middleware\\VerifyCsrfToken->handle(Object(Illuminate\\Http\\Request), Object(Closure))
#7 /var/www/html/productive/vendor/laravel/framework/src/Illuminate/View/Middleware/ShareErrorsFromSession.php(49): Illuminate\\Pipeline\\Pipeline->Illuminate\\Pipeline\\{closure}(Object(Illuminate\\Http\\Request))
#8 /var/www/html/productive/vendor/laravel/framework/src/Illuminate/Pipeline/Pipeline.php(167): Illuminate\\View\\Middleware\\ShareErrorsFromSession->handle(Object(Illuminate\\Http\\Request), Object(Closure))
#9 /var/www/html/productive/vendor/laravel/framework/src/Illuminate/Session/Middleware/StartSession.php(56): Illuminate\\Pipeline\\Pipeline->Illuminate\\Pipeline\\{closure}(Object(Illuminate\\Http\\Request))
#10 /var/www/html/productive/vendor/laravel/framework/src/Illuminate/Pipeline/Pipeline.php(167): Illuminate\\Session\\Middleware\\StartSession->handle(Object(Illuminate\\Http\\Request), Object(Closure))
#11 /var/www/html/productive/vendor/laravel/framework/src/Illuminate/Cookie/Middleware/AddQueuedCookiesToResponse.php(37): Illuminate\\Pipeline\\Pipeline->Illuminate\\Pipeline\\{closure}(Object(Illuminate\\Http\\Request))
#12 /var/www/html/productive/vendor/laravel/framework/src/Illuminate/Pipeline/Pipeline.php(167): Illuminate\\Cookie\\Middleware\\AddQueuedCookiesToResponse->handle(Object(Illuminate\\Http\\Request), Object(Closure))
#13 /var/www/html/productive/vendor/laravel/framework/src/Illuminate/Cookie/Middleware/EncryptCookies.php(66): Illuminate\\Pipeline\\Pipeline->Illuminate\\Pipeline\\{closure}(Object(Illuminate\\Http\\Request))
#14 /var/www/html/productive/vendor/laravel/framework/src/Illuminate/Pipeline/Pipeline.php(167): Illuminate\\Cookie\\Middleware\\EncryptCookies->handle(Object(Illuminate\\Http\\Request), Object(Closure))
#15 /var/www/html/productive/vendor/laravel/framework/src/Illuminate/Pipeline/Pipeline.php(103): Illuminate\\Pipeline\\Pipeline->Illuminate\\Pipeline\\{closure}(Object(Illuminate\\Http\\Request))
#16 /var/www/html/productive/vendor/laravel/framework/src/Illuminate/Routing/Router.php(687): Illuminate\\Pipeline\\Pipeline->then(Object(Closure))
#17 /var/www/html/productive/vendor/laravel/framework/src/Illuminate/Routing/Router.php(662): Illuminate\\Routing\\Router->runRouteWithinStack(Object(Illuminate\\Routing\\Route), Object(Illuminate\\Http\\Request))
#18 /var/www/html/productive/vendor/laravel/framework/src/Illuminate/Routing/Router.php(628): Illuminate\\Routing\\Router->runRoute(Object(Illuminate\\Http\\Request), Object(Illuminate\\Routing\\Route))
#19 /var/www/html/productive/vendor/laravel/framework/src/Illuminate/Routing/Router.php(617): Illuminate\\Routing\\Router->dispatchToRoute(Object(Illuminate\\Http\\Request))
#20 /var/www/html/productive/vendor/laravel/framework/src/Illuminate/Foundation/Http/Kernel.php(165): Illuminate\\Routing\\Router->dispatch(Object(Illuminate\\Http\\Request))
#21 /var/www/html/productive/vendor/laravel/framework/src/Illuminate/Pipeline/Pipeline.php(128): Illuminate\\Foundation\\Http\\Kernel->Illuminate\\Foundation\\Http\\{closure}(Object(Illuminate\\Http\\Request))
#22 /var/www/html/productive/vendor/barryvdh/laravel-debugbar/src/Middleware/InjectDebugbar.php(65): Illuminate\\Pipeline\\Pipeline->Illuminate\\Pipeline\\{closure}(Object(Illuminate\\Http\\Request))
#23 /var/www/html/productive/vendor/laravel/framework/src/Illuminate/Pipeline/Pipeline.php(167): Barryvdh\\Debugbar\\Middleware\\InjectDebugbar->handle(Object(Illuminate\\Http\\Request), Object(Closure))
#24 /var/www/html/productive/vendor/laravel/framework/src/Illuminate/Foundation/Http/Middleware/TransformsRequest.php(21): Illuminate\\Pipeline\\Pipeline->Illuminate\\Pipeline\\{closure}(Object(Illuminate\\Http\\Request))
#25 /var/www/html/productive/vendor/laravel/framework/src/Illuminate/Pipeline/Pipeline.php(167): Illuminate\\Foundation\\Http\\Middleware\\TransformsRequest->handle(Object(Illuminate\\Http\\Request), Object(Closure))
#26 /var/www/html/productive/vendor/laravel/framework/src/Illuminate/Foundation/Http/Middleware/TransformsRequest.php(21): Illuminate\\Pipeline\\Pipeline->Illuminate\\Pipeline\\{closure}(Object(Illuminate\\Http\\Request))
#27 /var/www/html/productive/vendor/laravel/framework/src/Illuminate/Pipeline/Pipeline.php(167): Illuminate\\Foundation\\Http\\Middleware\\TransformsRequest->handle(Object(Illuminate\\Http\\Request), Object(Closure))
#28 /var/www/html/productive/vendor/laravel/framework/src/Illuminate/Foundation/Http/Middleware/ValidatePostSize.php(27): Illuminate\\Pipeline\\Pipeline->Illuminate\\Pipeline\\{closure}(Object(Illuminate\\Http\\Request))
#29 /var/www/html/productive/vendor/laravel/framework/src/Illuminate/Pipeline/Pipeline.php(167): Illuminate\\Foundation\\Http\\Middleware\\ValidatePostSize->handle(Object(Illuminate\\Http\\Request), Object(Closure))
#30 /var/www/html/productive/vendor/laravel/framework/src/Illuminate/Foundation/Http/Middleware/CheckForMaintenanceMode.php(63): Illuminate\\Pipeline\\Pipeline->Illuminate\\Pipeline\\{closure}(Object(Illuminate\\Http\\Request))
#31 /var/www/html/productive/vendor/laravel/framework/src/Illuminate/Pipeline/Pipeline.php(167): Illuminate\\Foundation\\Http\\Middleware\\CheckForMaintenanceMode->handle(Object(Illuminate\\Http\\Request), Object(Closure))
#32 /var/www/html/productive/vendor/fruitcake/laravel-cors/src/HandleCors.php(36): Illuminate\\Pipeline\\Pipeline->Illuminate\\Pipeline\\{closure}(Object(Illuminate\\Http\\Request))
#33 /var/www/html/productive/vendor/laravel/framework/src/Illuminate/Pipeline/Pipeline.php(167): Fruitcake\\Cors\\HandleCors->handle(Object(Illuminate\\Http\\Request), Object(Closure))
#34 /var/www/html/productive/vendor/fideloper/proxy/src/TrustProxies.php(57): Illuminate\\Pipeline\\Pipeline->Illuminate\\Pipeline\\{closure}(Object(Illuminate\\Http\\Request))
#35 /var/www/html/productive/vendor/laravel/framework/src/Illuminate/Pipeline/Pipeline.php(167): Fideloper\\Proxy\\TrustProxies->handle(Object(Illuminate\\Http\\Request), Object(Closure))
#36 /var/www/html/productive/vendor/laravel/framework/src/Illuminate/Pipeline/Pipeline.php(103): Illuminate\\Pipeline\\Pipeline->Illuminate\\Pipeline\\{closure}(Object(Illuminate\\Http\\Request))
#37 /var/www/html/productive/vendor/laravel/framework/src/Illuminate/Foundation/Http/Kernel.php(140): Illuminate\\Pipeline\\Pipeline->then(Object(Closure))
#38 /var/www/html/productive/vendor/laravel/framework/src/Illuminate/Foundation/Http/Kernel.php(109): Illuminate\\Foundation\\Http\\Kernel->sendRequestThroughRouter(Object(Illuminate\\Http\\Request))
#39 /var/www/html/productive/public/index.php(55): Illuminate\\Foundation\\Http\\Kernel->handle(Object(Illuminate\\Http\\Request))
#40 /var/www/html/productive/server.php(21): require_once('/var/www/html/p...')
#41 {main}
"} 
[2020-04-15 06:12:06] local.INFO: Non-activated user attempted to visit public.home.  [{"App\\Models\\User":{"id":3,"name":"temp","first_name":"temp","last_name":"user 1","email":"user1@gmail.com","email_verified_at":null,"signup_ip_address":"0.0.0.0","signup_confirmation_ip_address":null,"signup_sm_ip_address":null,"admin_ip_address":null,"updated_ip_address":null,"deleted_ip_address":null,"created_at":"2020-04-15T06:10:59.000000Z","updated_at":"2020-04-15T06:10:59.000000Z","deleted_at":null}}] 
[2020-04-15 06:12:07] local.INFO: Registered attempted to navigate while unactivate. activation-required.  [{"App\\Models\\User":{"id":3,"name":"temp","first_name":"temp","last_name":"user 1","email":"user1@gmail.com","email_verified_at":null,"signup_ip_address":"0.0.0.0","signup_confirmation_ip_address":null,"signup_sm_ip_address":null,"admin_ip_address":null,"updated_ip_address":null,"deleted_ip_address":null,"created_at":"2020-04-15T06:10:59.000000Z","updated_at":"2020-04-15T06:10:59.000000Z","deleted_at":null}}] 
[2020-04-15 06:12:21] local.INFO: Registered attempted to navigate while unactivate. activation-required.  [{"App\\Models\\User":{"id":3,"name":"temp","first_name":"temp","last_name":"user 1","email":"user1@gmail.com","email_verified_at":null,"signup_ip_address":"0.0.0.0","signup_confirmation_ip_address":null,"signup_sm_ip_address":null,"admin_ip_address":null,"updated_ip_address":null,"deleted_ip_address":null,"created_at":"2020-04-15T06:10:59.000000Z","updated_at":"2020-04-15T06:10:59.000000Z","deleted_at":null}}] 
[2020-04-15 06:14:36] local.ERROR: Class 'Locale' not found {"userId":1,"exception":"[object] (Error(code: 0): Class 'Locale' not found at /var/www/html/productive/vendor/jeremykenedy/laravel-logger/src/app/Http/Traits/UserAgentDetails.php:95)
[stacktrace]
#0 /var/www/html/productive/vendor/jeremykenedy/laravel-logger/src/app/Http/Controllers/LaravelLoggerController.php(52): jeremykenedy\\LaravelLogger\\App\\Http\\Traits\\UserAgentDetails::localeLang('en-US,en;q=0.9')
#1 [internal function]: jeremykenedy\\LaravelLogger\\App\\Http\\Controllers\\LaravelLoggerController->jeremykenedy\\LaravelLogger\\App\\Http\\Controllers\\{closure}(Object(jeremykenedy\\LaravelLogger\\App\\Models\\Activity), 0)
#2 /var/www/html/productive/vendor/laravel/framework/src/Illuminate/Support/Collection.php(638): array_map(Object(Closure), Array, Array)
#3 /var/www/html/productive/vendor/laravel/framework/src/Illuminate/Database/Eloquent/Collection.php(254): Illuminate\\Support\\Collection->map(Object(Closure))
#4 /var/www/html/productive/vendor/laravel/framework/src/Illuminate/Support/Traits/ForwardsCalls.php(23): Illuminate\\Database\\Eloquent\\Collection->map(Object(Closure))
#5 /var/www/html/productive/vendor/laravel/framework/src/Illuminate/Pagination/AbstractPaginator.php(689): Illuminate\\Pagination\\AbstractPaginator->forwardCallTo(Object(Illuminate\\Database\\Eloquent\\Collection), 'map', Array)
#6 /var/www/html/productive/vendor/jeremykenedy/laravel-logger/src/app/Http/Controllers/LaravelLoggerController.php(56): Illuminate\\Pagination\\AbstractPaginator->__call('map', Array)
#7 /var/www/html/productive/vendor/jeremykenedy/laravel-logger/src/app/Http/Controllers/LaravelLoggerController.php(85): jeremykenedy\\LaravelLogger\\App\\Http\\Controllers\\LaravelLoggerController->mapAdditionalDetails(Object(Illuminate\\Pagination\\LengthAwarePaginator))
#8 [internal function]: jeremykenedy\\LaravelLogger\\App\\Http\\Controllers\\LaravelLoggerController->showAccessLog(Object(Illuminate\\Http\\Request))
#9 /var/www/html/productive/vendor/laravel/framework/src/Illuminate/Routing/Controller.php(54): call_user_func_array(Array, Array)
#10 /var/www/html/productive/vendor/laravel/framework/src/Illuminate/Routing/ControllerDispatcher.php(45): Illuminate\\Routing\\Controller->callAction('showAccessLog', Array)
#11 /var/www/html/productive/vendor/laravel/framework/src/Illuminate/Routing/Route.php(225): Illuminate\\Routing\\ControllerDispatcher->dispatch(Object(Illuminate\\Routing\\Route), Object(jeremykenedy\\LaravelLogger\\App\\Http\\Controllers\\LaravelLoggerController), 'showAccessLog')
#12 /var/www/html/productive/vendor/laravel/framework/src/Illuminate/Routing/Route.php(182): Illuminate\\Routing\\Route->runController()
#13 /var/www/html/productive/vendor/laravel/framework/src/Illuminate/Routing/Router.php(685): Illuminate\\Routing\\Route->run()
#14 /var/www/html/productive/vendor/laravel/framework/src/Illuminate/Pipeline/Pipeline.php(128): Illuminate\\Routing\\Router->Illuminate\\Routing\\{closure}(Object(Illuminate\\Http\\Request))
#15 /var/www/html/productive/vendor/jeremykenedy/laravel-roles/src/App/Http/Middleware/VerifyRole.php(41): Illuminate\\Pipeline\\Pipeline->Illuminate\\Pipeline\\{closure}(Object(Illuminate\\Http\\Request))
#16 /var/www/html/productive/vendor/laravel/framework/src/Illuminate/Pipeline/Pipeline.php(167): jeremykenedy\\LaravelRoles\\App\\Http\\Middleware\\VerifyRole->handle(Object(Illuminate\\Http\\Request), Object(Closure), 'admin')
#17 /var/www/html/productive/vendor/jeremykenedy/laravel-logger/src/app/Http/Middleware/LogActivity.php(27): Illuminate\\Pipeline\\Pipeline->Illuminate\\Pipeline\\{closure}(Object(Illuminate\\Http\\Request))
#18 /var/www/html/productive/vendor/laravel/framework/src/Illuminate/Pipeline/Pipeline.php(167): jeremykenedy\\LaravelLogger\\App\\Http\\Middleware\\LogActivity->handle(Object(Illuminate\\Http\\Request), Object(Closure))
#19 /var/www/html/productive/vendor/laravel/framework/src/Illuminate/Routing/Middleware/SubstituteBindings.php(41): Illuminate\\Pipeline\\Pipeline->Illuminate\\Pipeline\\{closure}(Object(Illuminate\\Http\\Request))
#20 /var/www/html/productive/vendor/laravel/framework/src/Illuminate/Pipeline/Pipeline.php(167): Illuminate\\Routing\\Middleware\\SubstituteBindings->handle(Object(Illuminate\\Http\\Request), Object(Closure))
#21 /var/www/html/productive/app/Http/Middleware/Authenticate.php(63): Illuminate\\Pipeline\\Pipeline->Illuminate\\Pipeline\\{closure}(Object(Illuminate\\Http\\Request))
#22 /var/www/html/productive/vendor/laravel/framework/src/Illuminate/Pipeline/Pipeline.php(167): App\\Http\\Middleware\\Authenticate->handle(Object(Illuminate\\Http\\Request), Object(Closure))
#23 /var/www/html/productive/vendor/laravel/framework/src/Illuminate/Foundation/Http/Middleware/VerifyCsrfToken.php(76): Illuminate\\Pipeline\\Pipeline->Illuminate\\Pipeline\\{closure}(Object(Illuminate\\Http\\Request))
#24 /var/www/html/productive/vendor/laravel/framework/src/Illuminate/Pipeline/Pipeline.php(167): Illuminate\\Foundation\\Http\\Middleware\\VerifyCsrfToken->handle(Object(Illuminate\\Http\\Request), Object(Closure))
#25 /var/www/html/productive/vendor/laravel/framework/src/Illuminate/View/Middleware/ShareErrorsFromSession.php(49): Illuminate\\Pipeline\\Pipeline->Illuminate\\Pipeline\\{closure}(Object(Illuminate\\Http\\Request))
#26 /var/www/html/productive/vendor/laravel/framework/src/Illuminate/Pipeline/Pipeline.php(167): Illuminate\\View\\Middleware\\ShareErrorsFromSession->handle(Object(Illuminate\\Http\\Request), Object(Closure))
#27 /var/www/html/productive/vendor/laravel/framework/src/Illuminate/Session/Middleware/StartSession.php(56): Illuminate\\Pipeline\\Pipeline->Illuminate\\Pipeline\\{closure}(Object(Illuminate\\Http\\Request))
#28 /var/www/html/productive/vendor/laravel/framework/src/Illuminate/Pipeline/Pipeline.php(167): Illuminate\\Session\\Middleware\\StartSession->handle(Object(Illuminate\\Http\\Request), Object(Closure))
#29 /var/www/html/productive/vendor/laravel/framework/src/Illuminate/Cookie/Middleware/AddQueuedCookiesToResponse.php(37): Illuminate\\Pipeline\\Pipeline->Illuminate\\Pipeline\\{closure}(Object(Illuminate\\Http\\Request))
#30 /var/www/html/productive/vendor/laravel/framework/src/Illuminate/Pipeline/Pipeline.php(167): Illuminate\\Cookie\\Middleware\\AddQueuedCookiesToResponse->handle(Object(Illuminate\\Http\\Request), Object(Closure))
#31 /var/www/html/productive/vendor/laravel/framework/src/Illuminate/Cookie/Middleware/EncryptCookies.php(66): Illuminate\\Pipeline\\Pipeline->Illuminate\\Pipeline\\{closure}(Object(Illuminate\\Http\\Request))
#32 /var/www/html/productive/vendor/laravel/framework/src/Illuminate/Pipeline/Pipeline.php(167): Illuminate\\Cookie\\Middleware\\EncryptCookies->handle(Object(Illuminate\\Http\\Request), Object(Closure))
#33 /var/www/html/productive/vendor/laravel/framework/src/Illuminate/Pipeline/Pipeline.php(103): Illuminate\\Pipeline\\Pipeline->Illuminate\\Pipeline\\{closure}(Object(Illuminate\\Http\\Request))
#34 /var/www/html/productive/vendor/laravel/framework/src/Illuminate/Routing/Router.php(687): Illuminate\\Pipeline\\Pipeline->then(Object(Closure))
#35 /var/www/html/productive/vendor/laravel/framework/src/Illuminate/Routing/Router.php(662): Illuminate\\Routing\\Router->runRouteWithinStack(Object(Illuminate\\Routing\\Route), Object(Illuminate\\Http\\Request))
#36 /var/www/html/productive/vendor/laravel/framework/src/Illuminate/Routing/Router.php(628): Illuminate\\Routing\\Router->runRoute(Object(Illuminate\\Http\\Request), Object(Illuminate\\Routing\\Route))
#37 /var/www/html/productive/vendor/laravel/framework/src/Illuminate/Routing/Router.php(617): Illuminate\\Routing\\Router->dispatchToRoute(Object(Illuminate\\Http\\Request))
#38 /var/www/html/productive/vendor/laravel/framework/src/Illuminate/Foundation/Http/Kernel.php(165): Illuminate\\Routing\\Router->dispatch(Object(Illuminate\\Http\\Request))
#39 /var/www/html/productive/vendor/laravel/framework/src/Illuminate/Pipeline/Pipeline.php(128): Illuminate\\Foundation\\Http\\Kernel->Illuminate\\Foundation\\Http\\{closure}(Object(Illuminate\\Http\\Request))
#40 /var/www/html/productive/vendor/barryvdh/laravel-debugbar/src/Middleware/InjectDebugbar.php(65): Illuminate\\Pipeline\\Pipeline->Illuminate\\Pipeline\\{closure}(Object(Illuminate\\Http\\Request))
#41 /var/www/html/productive/vendor/laravel/framework/src/Illuminate/Pipeline/Pipeline.php(167): Barryvdh\\Debugbar\\Middleware\\InjectDebugbar->handle(Object(Illuminate\\Http\\Request), Object(Closure))
#42 /var/www/html/productive/vendor/laravel/framework/src/Illuminate/Foundation/Http/Middleware/TransformsRequest.php(21): Illuminate\\Pipeline\\Pipeline->Illuminate\\Pipeline\\{closure}(Object(Illuminate\\Http\\Request))
#43 /var/www/html/productive/vendor/laravel/framework/src/Illuminate/Pipeline/Pipeline.php(167): Illuminate\\Foundation\\Http\\Middleware\\TransformsRequest->handle(Object(Illuminate\\Http\\Request), Object(Closure))
#44 /var/www/html/productive/vendor/laravel/framework/src/Illuminate/Foundation/Http/Middleware/TransformsRequest.php(21): Illuminate\\Pipeline\\Pipeline->Illuminate\\Pipeline\\{closure}(Object(Illuminate\\Http\\Request))
#45 /var/www/html/productive/vendor/laravel/framework/src/Illuminate/Pipeline/Pipeline.php(167): Illuminate\\Foundation\\Http\\Middleware\\TransformsRequest->handle(Object(Illuminate\\Http\\Request), Object(Closure))
#46 /var/www/html/productive/vendor/laravel/framework/src/Illuminate/Foundation/Http/Middleware/ValidatePostSize.php(27): Illuminate\\Pipeline\\Pipeline->Illuminate\\Pipeline\\{closure}(Object(Illuminate\\Http\\Request))
#47 /var/www/html/productive/vendor/laravel/framework/src/Illuminate/Pipeline/Pipeline.php(167): Illuminate\\Foundation\\Http\\Middleware\\ValidatePostSize->handle(Object(Illuminate\\Http\\Request), Object(Closure))
#48 /var/www/html/productive/vendor/laravel/framework/src/Illuminate/Foundation/Http/Middleware/CheckForMaintenanceMode.php(63): Illuminate\\Pipeline\\Pipeline->Illuminate\\Pipeline\\{closure}(Object(Illuminate\\Http\\Request))
#49 /var/www/html/productive/vendor/laravel/framework/src/Illuminate/Pipeline/Pipeline.php(167): Illuminate\\Foundation\\Http\\Middleware\\CheckForMaintenanceMode->handle(Object(Illuminate\\Http\\Request), Object(Closure))
#50 /var/www/html/productive/vendor/fruitcake/laravel-cors/src/HandleCors.php(36): Illuminate\\Pipeline\\Pipeline->Illuminate\\Pipeline\\{closure}(Object(Illuminate\\Http\\Request))
#51 /var/www/html/productive/vendor/laravel/framework/src/Illuminate/Pipeline/Pipeline.php(167): Fruitcake\\Cors\\HandleCors->handle(Object(Illuminate\\Http\\Request), Object(Closure))
#52 /var/www/html/productive/vendor/fideloper/proxy/src/TrustProxies.php(57): Illuminate\\Pipeline\\Pipeline->Illuminate\\Pipeline\\{closure}(Object(Illuminate\\Http\\Request))
#53 /var/www/html/productive/vendor/laravel/framework/src/Illuminate/Pipeline/Pipeline.php(167): Fideloper\\Proxy\\TrustProxies->handle(Object(Illuminate\\Http\\Request), Object(Closure))
#54 /var/www/html/productive/vendor/laravel/framework/src/Illuminate/Pipeline/Pipeline.php(103): Illuminate\\Pipeline\\Pipeline->Illuminate\\Pipeline\\{closure}(Object(Illuminate\\Http\\Request))
#55 /var/www/html/productive/vendor/laravel/framework/src/Illuminate/Foundation/Http/Kernel.php(140): Illuminate\\Pipeline\\Pipeline->then(Object(Closure))
#56 /var/www/html/productive/vendor/laravel/framework/src/Illuminate/Foundation/Http/Kernel.php(109): Illuminate\\Foundation\\Http\\Kernel->sendRequestThroughRouter(Object(Illuminate\\Http\\Request))
#57 /var/www/html/productive/public/index.php(55): Illuminate\\Foundation\\Http\\Kernel->handle(Object(Illuminate\\Http\\Request))
#58 /var/www/html/productive/server.php(21): require_once('/var/www/html/p...')
#59 {main}
"} 
[2020-04-15 06:16:02] local.INFO: CheckCurrentUser middlware was used: profile.edit.  [{"App\\Models\\User":{"id":1,"name":"boyle.meagan","first_name":"Kiana","last_name":"Cruickshank","email":"admin@admin.com","email_verified_at":null,"signup_ip_address":null,"signup_confirmation_ip_address":"95.240.200.161","signup_sm_ip_address":null,"admin_ip_address":"68.188.182.172","updated_ip_address":null,"deleted_ip_address":null,"created_at":"2020-04-15T06:04:03.000000Z","updated_at":"2020-04-15T06:04:03.000000Z","deleted_at":null,"profile":{"id":1,"user_id":1,"theme_id":1,"location":null,"bio":null,"twitter_username":null,"github_username":null,"avatar":null,"avatar_status":0,"created_at":"2020-04-15T06:04:03.000000Z","updated_at":"2020-04-15T06:04:03.000000Z"}}}] 
[2020-04-15 06:17:33] local.INFO: CheckCurrentUser middlware was used: profile.update.  [{"App\\Models\\User":{"id":1,"name":"boyle.meagan","first_name":"Kiana","last_name":"Cruickshank","email":"admin@admin.com","email_verified_at":null,"signup_ip_address":null,"signup_confirmation_ip_address":"95.240.200.161","signup_sm_ip_address":null,"admin_ip_address":"68.188.182.172","updated_ip_address":null,"deleted_ip_address":null,"created_at":"2020-04-15T06:04:03.000000Z","updated_at":"2020-04-15T06:04:03.000000Z","deleted_at":null}}] 
[2020-04-15 06:17:34] local.INFO: CheckCurrentUser middlware was used: profile.edit.  [{"App\\Models\\User":{"id":1,"name":"boyle.meagan","first_name":"Kiana","last_name":"Cruickshank","email":"admin@admin.com","email_verified_at":null,"signup_ip_address":null,"signup_confirmation_ip_address":"95.240.200.161","signup_sm_ip_address":null,"admin_ip_address":"68.188.182.172","updated_ip_address":"0.0.0.0","deleted_ip_address":null,"created_at":"2020-04-15T06:04:03.000000Z","updated_at":"2020-04-15T06:17:33.000000Z","deleted_at":null,"profile":{"id":1,"user_id":1,"theme_id":20,"location":null,"bio":null,"twitter_username":null,"github_username":null,"avatar":null,"avatar_status":1,"created_at":"2020-04-15T06:04:03.000000Z","updated_at":"2020-04-15T06:17:33.000000Z"}}}] 
[2020-04-15 06:17:44] local.INFO: CheckCurrentUser middlware was used: profile.update.  [{"App\\Models\\User":{"id":1,"name":"boyle.meagan","first_name":"Kiana","last_name":"Cruickshank","email":"admin@admin.com","email_verified_at":null,"signup_ip_address":null,"signup_confirmation_ip_address":"95.240.200.161","signup_sm_ip_address":null,"admin_ip_address":"68.188.182.172","updated_ip_address":"0.0.0.0","deleted_ip_address":null,"created_at":"2020-04-15T06:04:03.000000Z","updated_at":"2020-04-15T06:17:33.000000Z","deleted_at":null}}] 
[2020-04-15 06:17:45] local.INFO: CheckCurrentUser middlware was used: profile.edit.  [{"App\\Models\\User":{"id":1,"name":"boyle.meagan","first_name":"Kiana","last_name":"Cruickshank","email":"admin@admin.com","email_verified_at":null,"signup_ip_address":null,"signup_confirmation_ip_address":"95.240.200.161","signup_sm_ip_address":null,"admin_ip_address":"68.188.182.172","updated_ip_address":"0.0.0.0","deleted_ip_address":null,"created_at":"2020-04-15T06:04:03.000000Z","updated_at":"2020-04-15T06:17:33.000000Z","deleted_at":null,"profile":{"id":1,"user_id":1,"theme_id":6,"location":null,"bio":null,"twitter_username":null,"github_username":null,"avatar":null,"avatar_status":1,"created_at":"2020-04-15T06:04:03.000000Z","updated_at":"2020-04-15T06:17:44.000000Z"}}}] 
[2020-04-15 06:17:59] local.INFO: CheckCurrentUser middlware was used: profile.update.  [{"App\\Models\\User":{"id":1,"name":"boyle.meagan","first_name":"Kiana","last_name":"Cruickshank","email":"admin@admin.com","email_verified_at":null,"signup_ip_address":null,"signup_confirmation_ip_address":"95.240.200.161","signup_sm_ip_address":null,"admin_ip_address":"68.188.182.172","updated_ip_address":"0.0.0.0","deleted_ip_address":null,"created_at":"2020-04-15T06:04:03.000000Z","updated_at":"2020-04-15T06:17:33.000000Z","deleted_at":null}}] 
[2020-04-15 06:18:00] local.INFO: CheckCurrentUser middlware was used: profile.edit.  [{"App\\Models\\User":{"id":1,"name":"boyle.meagan","first_name":"Kiana","last_name":"Cruickshank","email":"admin@admin.com","email_verified_at":null,"signup_ip_address":null,"signup_confirmation_ip_address":"95.240.200.161","signup_sm_ip_address":null,"admin_ip_address":"68.188.182.172","updated_ip_address":"0.0.0.0","deleted_ip_address":null,"created_at":"2020-04-15T06:04:03.000000Z","updated_at":"2020-04-15T06:17:33.000000Z","deleted_at":null,"profile":{"id":1,"user_id":1,"theme_id":18,"location":null,"bio":null,"twitter_username":null,"github_username":null,"avatar":null,"avatar_status":1,"created_at":"2020-04-15T06:04:03.000000Z","updated_at":"2020-04-15T06:17:59.000000Z"}}}] 
[2020-04-15 06:18:17] local.INFO: CheckCurrentUser middlware was used: profile.edit.  [{"App\\Models\\User":{"id":1,"name":"boyle.meagan","first_name":"Kiana","last_name":"Cruickshank","email":"admin@admin.com","email_verified_at":null,"signup_ip_address":null,"signup_confirmation_ip_address":"95.240.200.161","signup_sm_ip_address":null,"admin_ip_address":"68.188.182.172","updated_ip_address":"0.0.0.0","deleted_ip_address":null,"created_at":"2020-04-15T06:04:03.000000Z","updated_at":"2020-04-15T06:17:33.000000Z","deleted_at":null,"profile":{"id":1,"user_id":1,"theme_id":18,"location":null,"bio":null,"twitter_username":null,"github_username":null,"avatar":null,"avatar_status":1,"created_at":"2020-04-15T06:04:03.000000Z","updated_at":"2020-04-15T06:17:59.000000Z"}}}] 
[2020-04-15 06:18:55] local.INFO: CheckCurrentUser middlware was used: avatar.upload.  [{"App\\Models\\User":{"id":1,"name":"boyle.meagan","first_name":"Kiana","last_name":"Cruickshank","email":"admin@admin.com","email_verified_at":null,"signup_ip_address":null,"signup_confirmation_ip_address":"95.240.200.161","signup_sm_ip_address":null,"admin_ip_address":"68.188.182.172","updated_ip_address":"0.0.0.0","deleted_ip_address":null,"created_at":"2020-04-15T06:04:03.000000Z","updated_at":"2020-04-15T06:17:33.000000Z","deleted_at":null,"profile":{"id":1,"user_id":1,"theme_id":18,"location":null,"bio":null,"twitter_username":null,"github_username":null,"avatar":"/images/profile/1/avatar/avatar.jpg","avatar_status":1,"created_at":"2020-04-15T06:04:03.000000Z","updated_at":"2020-04-15T06:18:55.000000Z"}}}] 
[2020-04-15 06:18:56] local.INFO: CheckCurrentUser middlware was used: .  [{"App\\Models\\User":{"id":1,"name":"boyle.meagan","first_name":"Kiana","last_name":"Cruickshank","email":"admin@admin.com","email_verified_at":null,"signup_ip_address":null,"signup_confirmation_ip_address":"95.240.200.161","signup_sm_ip_address":null,"admin_ip_address":"68.188.182.172","updated_ip_address":"0.0.0.0","deleted_ip_address":null,"created_at":"2020-04-15T06:04:03.000000Z","updated_at":"2020-04-15T06:17:33.000000Z","deleted_at":null}}] 
[2020-04-15 06:19:27] local.INFO: CheckCurrentUser middlware was used: avatar.upload.  [{"App\\Models\\User":{"id":1,"name":"boyle.meagan","first_name":"Kiana","last_name":"Cruickshank","email":"admin@admin.com","email_verified_at":null,"signup_ip_address":null,"signup_confirmation_ip_address":"95.240.200.161","signup_sm_ip_address":null,"admin_ip_address":"68.188.182.172","updated_ip_address":"0.0.0.0","deleted_ip_address":null,"created_at":"2020-04-15T06:04:03.000000Z","updated_at":"2020-04-15T06:17:33.000000Z","deleted_at":null,"profile":{"id":1,"user_id":1,"theme_id":18,"location":null,"bio":null,"twitter_username":null,"github_username":null,"avatar":"/images/profile/1/avatar/avatar.jpg","avatar_status":1,"created_at":"2020-04-15T06:04:03.000000Z","updated_at":"2020-04-15T06:18:55.000000Z"}}}] 
[2020-04-15 06:19:28] local.INFO: CheckCurrentUser middlware was used: .  [{"App\\Models\\User":{"id":1,"name":"boyle.meagan","first_name":"Kiana","last_name":"Cruickshank","email":"admin@admin.com","email_verified_at":null,"signup_ip_address":null,"signup_confirmation_ip_address":"95.240.200.161","signup_sm_ip_address":null,"admin_ip_address":"68.188.182.172","updated_ip_address":"0.0.0.0","deleted_ip_address":null,"created_at":"2020-04-15T06:04:03.000000Z","updated_at":"2020-04-15T06:17:33.000000Z","deleted_at":null}}] 
[2020-04-15 06:19:37] local.INFO: CheckCurrentUser middlware was used: .  [{"App\\Models\\User":{"id":1,"name":"boyle.meagan","first_name":"Kiana","last_name":"Cruickshank","email":"admin@admin.com","email_verified_at":null,"signup_ip_address":null,"signup_confirmation_ip_address":"95.240.200.161","signup_sm_ip_address":null,"admin_ip_address":"68.188.182.172","updated_ip_address":"0.0.0.0","deleted_ip_address":null,"created_at":"2020-04-15T06:04:03.000000Z","updated_at":"2020-04-15T06:17:33.000000Z","deleted_at":null}}] 
[2020-04-15 06:19:41] local.INFO: CheckCurrentUser middlware was used: .  [{"App\\Models\\User":{"id":1,"name":"boyle.meagan","first_name":"Kiana","last_name":"Cruickshank","email":"admin@admin.com","email_verified_at":null,"signup_ip_address":null,"signup_confirmation_ip_address":"95.240.200.161","signup_sm_ip_address":null,"admin_ip_address":"68.188.182.172","updated_ip_address":"0.0.0.0","deleted_ip_address":null,"created_at":"2020-04-15T06:04:03.000000Z","updated_at":"2020-04-15T06:17:33.000000Z","deleted_at":null}}] 
[2020-04-15 06:19:42] local.INFO: CheckCurrentUser middlware was used: profile.edit.  [{"App\\Models\\User":{"id":1,"name":"boyle.meagan","first_name":"Kiana","last_name":"Cruickshank","email":"admin@admin.com","email_verified_at":null,"signup_ip_address":null,"signup_confirmation_ip_address":"95.240.200.161","signup_sm_ip_address":null,"admin_ip_address":"68.188.182.172","updated_ip_address":"0.0.0.0","deleted_ip_address":null,"created_at":"2020-04-15T06:04:03.000000Z","updated_at":"2020-04-15T06:17:33.000000Z","deleted_at":null,"profile":{"id":1,"user_id":1,"theme_id":18,"location":null,"bio":null,"twitter_username":null,"github_username":null,"avatar":"/images/profile/1/avatar/avatar.jpg","avatar_status":1,"created_at":"2020-04-15T06:04:03.000000Z","updated_at":"2020-04-15T06:18:55.000000Z"}}}] 
[2020-04-15 06:19:43] local.INFO: CheckCurrentUser middlware was used: .  [{"App\\Models\\User":{"id":1,"name":"boyle.meagan","first_name":"Kiana","last_name":"Cruickshank","email":"admin@admin.com","email_verified_at":null,"signup_ip_address":null,"signup_confirmation_ip_address":"95.240.200.161","signup_sm_ip_address":null,"admin_ip_address":"68.188.182.172","updated_ip_address":"0.0.0.0","deleted_ip_address":null,"created_at":"2020-04-15T06:04:03.000000Z","updated_at":"2020-04-15T06:17:33.000000Z","deleted_at":null}}] 
[2020-04-15 06:19:56] local.INFO: CheckCurrentUser middlware was used: profile.update.  [{"App\\Models\\User":{"id":1,"name":"boyle.meagan","first_name":"Kiana","last_name":"Cruickshank","email":"admin@admin.com","email_verified_at":null,"signup_ip_address":null,"signup_confirmation_ip_address":"95.240.200.161","signup_sm_ip_address":null,"admin_ip_address":"68.188.182.172","updated_ip_address":"0.0.0.0","deleted_ip_address":null,"created_at":"2020-04-15T06:04:03.000000Z","updated_at":"2020-04-15T06:17:33.000000Z","deleted_at":null}}] 
[2020-04-15 06:19:57] local.INFO: CheckCurrentUser middlware was used: profile.edit.  [{"App\\Models\\User":{"id":1,"name":"boyle.meagan","first_name":"Kiana","last_name":"Cruickshank","email":"admin@admin.com","email_verified_at":null,"signup_ip_address":null,"signup_confirmation_ip_address":"95.240.200.161","signup_sm_ip_address":null,"admin_ip_address":"68.188.182.172","updated_ip_address":"0.0.0.0","deleted_ip_address":null,"created_at":"2020-04-15T06:04:03.000000Z","updated_at":"2020-04-15T06:17:33.000000Z","deleted_at":null,"profile":{"id":1,"user_id":1,"theme_id":5,"location":null,"bio":null,"twitter_username":null,"github_username":null,"avatar":"/images/profile/1/avatar/avatar.jpg","avatar_status":1,"created_at":"2020-04-15T06:04:03.000000Z","updated_at":"2020-04-15T06:19:56.000000Z"}}}] 
[2020-04-15 06:19:58] local.INFO: CheckCurrentUser middlware was used: .  [{"App\\Models\\User":{"id":1,"name":"boyle.meagan","first_name":"Kiana","last_name":"Cruickshank","email":"admin@admin.com","email_verified_at":null,"signup_ip_address":null,"signup_confirmation_ip_address":"95.240.200.161","signup_sm_ip_address":null,"admin_ip_address":"68.188.182.172","updated_ip_address":"0.0.0.0","deleted_ip_address":null,"created_at":"2020-04-15T06:04:03.000000Z","updated_at":"2020-04-15T06:17:33.000000Z","deleted_at":null}}] 
[2020-04-15 06:20:09] local.INFO: CheckCurrentUser middlware was used: profile.update.  [{"App\\Models\\User":{"id":1,"name":"boyle.meagan","first_name":"Kiana","last_name":"Cruickshank","email":"admin@admin.com","email_verified_at":null,"signup_ip_address":null,"signup_confirmation_ip_address":"95.240.200.161","signup_sm_ip_address":null,"admin_ip_address":"68.188.182.172","updated_ip_address":"0.0.0.0","deleted_ip_address":null,"created_at":"2020-04-15T06:04:03.000000Z","updated_at":"2020-04-15T06:17:33.000000Z","deleted_at":null}}] 
[2020-04-15 06:20:09] local.INFO: CheckCurrentUser middlware was used: profile.edit.  [{"App\\Models\\User":{"id":1,"name":"boyle.meagan","first_name":"Kiana","last_name":"Cruickshank","email":"admin@admin.com","email_verified_at":null,"signup_ip_address":null,"signup_confirmation_ip_address":"95.240.200.161","signup_sm_ip_address":null,"admin_ip_address":"68.188.182.172","updated_ip_address":"0.0.0.0","deleted_ip_address":null,"created_at":"2020-04-15T06:04:03.000000Z","updated_at":"2020-04-15T06:17:33.000000Z","deleted_at":null,"profile":{"id":1,"user_id":1,"theme_id":18,"location":null,"bio":null,"twitter_username":null,"github_username":null,"avatar":"/images/profile/1/avatar/avatar.jpg","avatar_status":1,"created_at":"2020-04-15T06:04:03.000000Z","updated_at":"2020-04-15T06:20:08.000000Z"}}}] 
[2020-04-15 06:20:10] local.INFO: CheckCurrentUser middlware was used: .  [{"App\\Models\\User":{"id":1,"name":"boyle.meagan","first_name":"Kiana","last_name":"Cruickshank","email":"admin@admin.com","email_verified_at":null,"signup_ip_address":null,"signup_confirmation_ip_address":"95.240.200.161","signup_sm_ip_address":null,"admin_ip_address":"68.188.182.172","updated_ip_address":"0.0.0.0","deleted_ip_address":null,"created_at":"2020-04-15T06:04:03.000000Z","updated_at":"2020-04-15T06:17:33.000000Z","deleted_at":null}}] 
[2020-04-15 06:20:16] local.INFO: CheckCurrentUser middlware was used: .  [{"App\\Models\\User":{"id":1,"name":"boyle.meagan","first_name":"Kiana","last_name":"Cruickshank","email":"admin@admin.com","email_verified_at":null,"signup_ip_address":null,"signup_confirmation_ip_address":"95.240.200.161","signup_sm_ip_address":null,"admin_ip_address":"68.188.182.172","updated_ip_address":"0.0.0.0","deleted_ip_address":null,"created_at":"2020-04-15T06:04:03.000000Z","updated_at":"2020-04-15T06:17:33.000000Z","deleted_at":null}}] 
[2020-04-15 08:44:57] local.ERROR: The /var/www/html/productive/bootstrap/cache directory must be present and writable. {"exception":"[object] (Exception(code: 0): The /var/www/html/productive/bootstrap/cache directory must be present and writable. at /var/www/html/productive/vendor/laravel/framework/src/Illuminate/Foundation/ProviderRepository.php:190)
[stacktrace]
#0 /var/www/html/productive/vendor/laravel/framework/src/Illuminate/Foundation/ProviderRepository.php(165): Illuminate\\Foundation\\ProviderRepository->writeManifest(Array)
#1 /var/www/html/productive/vendor/laravel/framework/src/Illuminate/Foundation/ProviderRepository.php(61): Illuminate\\Foundation\\ProviderRepository->compileManifest(Array)
#2 /var/www/html/productive/vendor/nwidart/laravel-modules/src/Laravel/Module.php(27): Illuminate\\Foundation\\ProviderRepository->load(Array)
#3 /var/www/html/productive/vendor/nwidart/laravel-modules/src/Module.php(264): Nwidart\\Modules\\Laravel\\Module->registerProviders()
#4 /var/www/html/productive/vendor/nwidart/laravel-modules/src/FileRepository.php(321): Nwidart\\Modules\\Module->register()
#5 /var/www/html/productive/vendor/nwidart/laravel-modules/src/Providers/BootstrapServiceProvider.php(23): Nwidart\\Modules\\FileRepository->register()
#6 /var/www/html/productive/vendor/laravel/framework/src/Illuminate/Foundation/Application.php(625): Nwidart\\Modules\\Providers\\BootstrapServiceProvider->register()
#7 /var/www/html/productive/vendor/nwidart/laravel-modules/src/ModulesServiceProvider.php(31): Illuminate\\Foundation\\Application->register(Object(Nwidart\\Modules\\Providers\\BootstrapServiceProvider))
#8 /var/www/html/productive/vendor/nwidart/laravel-modules/src/LaravelModulesServiceProvider.php(17): Nwidart\\Modules\\ModulesServiceProvider->registerModules()
#9 [internal function]: Nwidart\\Modules\\LaravelModulesServiceProvider->boot()
#10 /var/www/html/productive/vendor/laravel/framework/src/Illuminate/Container/BoundMethod.php(32): call_user_func_array(Array, Array)
#11 /var/www/html/productive/vendor/laravel/framework/src/Illuminate/Container/Util.php(36): Illuminate\\Container\\BoundMethod::Illuminate\\Container\\{closure}()
#12 /var/www/html/productive/vendor/laravel/framework/src/Illuminate/Container/BoundMethod.php(90): Illuminate\\Container\\Util::unwrapIfClosure(Object(Closure))
#13 /var/www/html/productive/vendor/laravel/framework/src/Illuminate/Container/BoundMethod.php(34): Illuminate\\Container\\BoundMethod::callBoundMethod(Object(Illuminate\\Foundation\\Application), Array, Object(Closure))
#14 /var/www/html/productive/vendor/laravel/framework/src/Illuminate/Container/Container.php(592): Illuminate\\Container\\BoundMethod::call(Object(Illuminate\\Foundation\\Application), Array, Array, NULL)
#15 /var/www/html/productive/vendor/laravel/framework/src/Illuminate/Foundation/Application.php(865): Illuminate\\Container\\Container->call(Array)
#16 /var/www/html/productive/vendor/laravel/framework/src/Illuminate/Foundation/Application.php(848): Illuminate\\Foundation\\Application->bootProvider(Object(Nwidart\\Modules\\LaravelModulesServiceProvider))
#17 [internal function]: Illuminate\\Foundation\\Application->Illuminate\\Foundation\\{closure}(Object(Nwidart\\Modules\\LaravelModulesServiceProvider), 36)
#18 /var/www/html/productive/vendor/laravel/framework/src/Illuminate/Foundation/Application.php(849): array_walk(Array, Object(Closure))
#19 /var/www/html/productive/vendor/laravel/framework/src/Illuminate/Foundation/Bootstrap/BootProviders.php(17): Illuminate\\Foundation\\Application->boot()
#20 /var/www/html/productive/vendor/laravel/framework/src/Illuminate/Foundation/Application.php(228): Illuminate\\Foundation\\Bootstrap\\BootProviders->bootstrap(Object(Illuminate\\Foundation\\Application))
#21 /var/www/html/productive/vendor/laravel/framework/src/Illuminate/Foundation/Http/Kernel.php(151): Illuminate\\Foundation\\Application->bootstrapWith(Array)
#22 /var/www/html/productive/vendor/laravel/framework/src/Illuminate/Foundation/Http/Kernel.php(135): Illuminate\\Foundation\\Http\\Kernel->bootstrap()
#23 /var/www/html/productive/vendor/laravel/framework/src/Illuminate/Foundation/Http/Kernel.php(109): Illuminate\\Foundation\\Http\\Kernel->sendRequestThroughRouter(Object(Illuminate\\Http\\Request))
#24 /var/www/html/productive/public/index.php(55): Illuminate\\Foundation\\Http\\Kernel->handle(Object(Illuminate\\Http\\Request))
#25 {main}
"} 
[2020-04-15 08:51:30] local.INFO: CheckCurrentUser middlware was used: .  [{"App\\Models\\User":{"id":1,"name":"boyle.meagan","first_name":"Kiana","last_name":"Cruickshank","email":"admin@admin.com","email_verified_at":null,"signup_ip_address":null,"signup_confirmation_ip_address":"95.240.200.161","signup_sm_ip_address":null,"admin_ip_address":"68.188.182.172","updated_ip_address":"0.0.0.0","deleted_ip_address":null,"created_at":"2020-04-15T06:04:03.000000Z","updated_at":"2020-04-15T06:17:33.000000Z","deleted_at":null}}] 
[2020-04-15 08:51:40] local.INFO: CheckCurrentUser middlware was used: .  [{"App\\Models\\User":{"id":1,"name":"boyle.meagan","first_name":"Kiana","last_name":"Cruickshank","email":"admin@admin.com","email_verified_at":null,"signup_ip_address":null,"signup_confirmation_ip_address":"95.240.200.161","signup_sm_ip_address":null,"admin_ip_address":"68.188.182.172","updated_ip_address":"0.0.0.0","deleted_ip_address":null,"created_at":"2020-04-15T06:04:03.000000Z","updated_at":"2020-04-15T06:17:33.000000Z","deleted_at":null}}] 
[2020-04-15 08:51:44] local.INFO: CheckCurrentUser middlware was used: .  [{"App\\Models\\User":{"id":1,"name":"boyle.meagan","first_name":"Kiana","last_name":"Cruickshank","email":"admin@admin.com","email_verified_at":null,"signup_ip_address":null,"signup_confirmation_ip_address":"95.240.200.161","signup_sm_ip_address":null,"admin_ip_address":"68.188.182.172","updated_ip_address":"0.0.0.0","deleted_ip_address":null,"created_at":"2020-04-15T06:04:03.000000Z","updated_at":"2020-04-15T06:17:33.000000Z","deleted_at":null}}] 
[2020-04-15 08:51:59] local.INFO: CheckCurrentUser middlware was used: .  [{"App\\Models\\User":{"id":1,"name":"boyle.meagan","first_name":"Kiana","last_name":"Cruickshank","email":"admin@admin.com","email_verified_at":null,"signup_ip_address":null,"signup_confirmation_ip_address":"95.240.200.161","signup_sm_ip_address":null,"admin_ip_address":"68.188.182.172","updated_ip_address":"0.0.0.0","deleted_ip_address":null,"created_at":"2020-04-15T06:04:03.000000Z","updated_at":"2020-04-15T06:17:33.000000Z","deleted_at":null}}] 
